###############################################################################
#                                                                             #
# IAR C/C++ Compiler V6.11.1.50453 for Atmel AVR        19/Dec/2015  18:39:36 #
# Copyright 1996-2011 IAR Systems AB.                                         #
#                                                                             #
#    Source file  =  D:\soc2015\1305B\LucruExtra\GenG_TIM1_LED\main.c         #
#    Command line =  D:\soc2015\1305B\LucruExtra\GenG_TIM1_LED\main.c         #
#                    --cpu=m16 -ms -o D:\soc2015\1305B\LucruExtra\GenG_TIM1_L #
#                    ED\Debug\Obj\ -lC D:\soc2015\1305B\LucruExtra\GenG_TIM1_ #
#                    LED\Debug\List\ -lA D:\soc2015\1305B\LucruExtra\GenG_TIM #
#                    1_LED\Debug\List\ --initializers_in_flash --no_cse       #
#                    --no_inline --no_code_motion --no_cross_call             #
#                    --no_clustering --no_tbaa --debug                        #
#                    -DENABLE_BIT_DEFINITIONS -e --eeprom_size 512 --clib -On #
#    List file    =  D:\soc2015\1305B\LucruExtra\GenG_TIM1_LED\Debug\List\mai #
#                    n.lst                                                    #
#    Object file  =  D:\soc2015\1305B\LucruExtra\GenG_TIM1_LED\Debug\Obj\main #
#                    .r90                                                     #
#                                                                             #
#                                                                             #
###############################################################################

D:\soc2015\1305B\LucruExtra\GenG_TIM1_LED\main.c
      1          #include<iom16.h>

   \                                 In  segment ABSOLUTE, at 0x4f
   \   union <unnamed> volatile __io _A_TCCR1A
   \                     _A_TCCR1A:
   \   00000000                      DS8 1

   \                                 In  segment ABSOLUTE, at 0x4e
   \   union <unnamed> volatile __io _A_TCCR1B
   \                     _A_TCCR1B:
   \   00000000                      DS8 1

   \                                 In  segment ABSOLUTE, at 0x4a
   \   union <unnamed> volatile __io _A_OCR1A
   \                     _A_OCR1A:
   \   00000000                      DS8 2

   \                                 In  segment ABSOLUTE, at 0x31
   \   union <unnamed> volatile __io _A_DDRD
   \                     _A_DDRD:
   \   00000000                      DS8 1
      2          #include<inavr.h>
      3          

   \                                 In  segment CODE, align 2, keep-with-next
      4          void main( void )
   \                     main:
      5          {
      6            DDRD |= (1 << PD5);
   \   00000000   9A8D               SBI     0x11, 0x05
      7            
      8            //OCR1A = 23438;
      9            TCCR1A = (1 << WGM11) | (1 << WGM10) | (0 << COM1A1) | (1 << COM1A0);
   \   00000002   E403               LDI     R16, 67
   \   00000004   BD0F               OUT     0x2F, R16
     10            TCCR1B = (1 << WGM13) | (1 << WGM12) | (0 << CS12) | (1 << CS11) | (1 << CS10);
   \   00000006   E10B               LDI     R16, 27
   \   00000008   BD0E               OUT     0x2E, R16
     11            OCR1A = 40000;
   \   0000000A   E400               LDI     R16, 64
   \   0000000C   E91C               LDI     R17, 156
   \   0000000E   BD1B               OUT     0x2B, R17
   \   00000010   BD0A               OUT     0x2A, R16
     12            
     13            while(1)
   \                     ??main_0:
   \   00000012   CFFF               RJMP    ??main_0
   \   00000014                      REQUIRE _A_DDRD
   \   00000014                      REQUIRE _A_TCCR1A
   \   00000014                      REQUIRE _A_TCCR1B
   \   00000014                      REQUIRE _A_OCR1A
     14              ;
     15          }

   Maximum stack usage in bytes:

   CSTACK RSTACK Function
   ------ ------ --------
       0      2  main


   Segment part sizes:

   Bytes  Function/Label
   -----  --------------
       1  _A_DDRD
       2  _A_OCR1A
       1  _A_TCCR1A
       1  _A_TCCR1B
      20  main

 
  5 bytes in segment ABSOLUTE
 20 bytes in segment CODE
 
 20 bytes of CODE memory
  0 bytes of DATA memory (+ 5 bytes shared)

Errors: none
Warnings: none
