###############################################################################
#                                                                             #
# IAR C/C++ Compiler V6.11.1.50453 for Atmel AVR        22/Dec/2015  13:05:13 #
# Copyright 1996-2011 IAR Systems AB.                                         #
#                                                                             #
#    Source file  =  D:\soc2015\1305B\LucruExtra\GenF_MOD15\timer.c           #
#    Command line =  D:\soc2015\1305B\LucruExtra\GenF_MOD15\timer.c           #
#                    --cpu=m16 -ms -o D:\soc2015\1305B\LucruExtra\GenF_MOD15\ #
#                    Debug\Obj\ -lC D:\soc2015\1305B\LucruExtra\GenF_MOD15\De #
#                    bug\List\ -lA D:\soc2015\1305B\LucruExtra\GenF_MOD15\Deb #
#                    ug\List\ --initializers_in_flash --no_cse --no_inline    #
#                    --no_code_motion --no_cross_call --no_clustering         #
#                    --no_tbaa --debug -DENABLE_BIT_DEFINITIONS -e            #
#                    --eeprom_size 512 --clib -On                             #
#    List file    =  D:\soc2015\1305B\LucruExtra\GenF_MOD15\Debug\List\timer. #
#                    lst                                                      #
#    Object file  =  D:\soc2015\1305B\LucruExtra\GenF_MOD15\Debug\Obj\timer.r #
#                    90                                                       #
#                                                                             #
#                                                                             #
###############################################################################

D:\soc2015\1305B\LucruExtra\GenF_MOD15\timer.c
      1          #include "timer1.h"

   \                                 In  segment ABSOLUTE, at 0x4f
   \   union <unnamed> volatile __io _A_TCCR1A
   \                     _A_TCCR1A:
   \   00000000                      DS8 1

   \                                 In  segment ABSOLUTE, at 0x4e
   \   union <unnamed> volatile __io _A_TCCR1B
   \                     _A_TCCR1B:
   \   00000000                      DS8 1

   \                                 In  segment ABSOLUTE, at 0x4a
   \   union <unnamed> volatile __io _A_OCR1A
   \                     _A_OCR1A:
   \   00000000                      DS8 2
      2          

   \                                 In  segment CODE, align 2, keep-with-next
      3          void TIMER1_init()
   \                     TIMER1_init:
      4          {
   \   00000000   939A               ST      -Y, R25
   \   00000002   938A               ST      -Y, R24
      5            /*selectare mod functionare*/
      6            TCCR1A |= (1 << WGM11) | (1 << WGM10);
   \   00000004   B50F               IN      R16, 0x2F
   \   00000006   6003               ORI     R16, 0x03
   \   00000008   BD0F               OUT     0x2F, R16
      7            TCCR1B |= (1 << WGM13) | (1 << WGM12);
   \   0000000A   B50E               IN      R16, 0x2E
   \   0000000C   6108               ORI     R16, 0x18
   \   0000000E   BD0E               OUT     0x2E, R16
      8            
      9            /*selectare compare output mode*/
     10            TCCR1A |= (0 << COM1A1) | (1 << COM1A0);
   \   00000010   B50F               IN      R16, 0x2F
   \   00000012   6400               ORI     R16, 0x40
   \   00000014   BD0F               OUT     0x2F, R16
     11            
     12            /*selectare prescaller*/
     13            TCCR1B |= (0 << CS12) | (0 << CS11) | (1 << CS10);
   \   00000016   B50E               IN      R16, 0x2E
   \   00000018   6001               ORI     R16, 0x01
   \   0000001A   BD0E               OUT     0x2E, R16
     14            
     15            /*setez valoare registru OCRA*/
     16            /*wantedFreq : frecventa dorita*/
     17            unsigned int wantedFreq = 1000;
   \   0000001C   EE88               LDI     R24, 232
   \   0000001E   E093               LDI     R25, 3
     18            /*F_OSC >> 1 : OC1A face toggle de 2x / perioada*/
     19            unsigned int ocrVal = (F_OSC >> 1) / wantedFreq - 1;
   \   00000020   01AC               MOVW    R21:R20, R25:R24
   \   00000022   E060               LDI     R22, 0
   \   00000024   E070               LDI     R23, 0
   \   00000026   ED00               LDI     R16, 208
   \   00000028   E918               LDI     R17, 152
   \   0000002A   E12E               LDI     R18, 30
   \   0000002C   E030               LDI     R19, 0
   \   0000002E   ........           CALL    ?SL_DIVMOD_L03
   \   00000032   01F8               MOVW    R31:R30, R17:R16
   \   00000034   9731               SBIW    R31:R30, 1
     20            OCR1AH = (ocrVal >> 8);
   \   00000036   018F               MOVW    R17:R16, R31:R30
   \   00000038   2F01               MOV     R16, R17
   \   0000003A   E010               LDI     R17, 0
   \   0000003C   BD0B               OUT     0x2B, R16
     21            OCR1AL = ocrVal;
   \   0000003E   2F0E               MOV     R16, R30
   \   00000040   BD0A               OUT     0x2A, R16
     22          }
   \   00000042   9189               LD      R24, Y+
   \   00000044   9199               LD      R25, Y+
   \   00000046   9508               RET
   \   00000048                      REQUIRE _A_TCCR1A
   \   00000048                      REQUIRE _A_TCCR1B
   \   00000048                      REQUIRE _A_OCR1A

   Maximum stack usage in bytes:

   CSTACK RSTACK Function
   ------ ------ --------
       2      4  TIMER1_init


   Segment part sizes:

   Bytes  Function/Label
   -----  --------------
      72  TIMER1_init
       2  _A_OCR1A
       1  _A_TCCR1A
       1  _A_TCCR1B

 
  4 bytes in segment ABSOLUTE
 72 bytes in segment CODE
 
 72 bytes of CODE memory
  0 bytes of DATA memory (+ 4 bytes shared)

Errors: none
Warnings: none
