###############################################################################
#                                                                             #
# IAR C/C++ Compiler V6.11.1.50453 for Atmel AVR        19/Dec/2015  17:37:52 #
# Copyright 1996-2011 IAR Systems AB.                                         #
#                                                                             #
#    Source file  =  D:\soc2015\1305B\LucruExtra\GenG_TIM0_LED\main.c         #
#    Command line =  D:\soc2015\1305B\LucruExtra\GenG_TIM0_LED\main.c         #
#                    --cpu=m16 -ms -o D:\soc2015\1305B\LucruExtra\GenG_TIM0_L #
#                    ED\Debug\Obj\ -lC D:\soc2015\1305B\LucruExtra\GenG_TIM0_ #
#                    LED\Debug\List\ -lA D:\soc2015\1305B\LucruExtra\GenG_TIM #
#                    0_LED\Debug\List\ --initializers_in_flash --no_cse       #
#                    --no_inline --no_code_motion --no_cross_call             #
#                    --no_clustering --no_tbaa --debug                        #
#                    -DENABLE_BIT_DEFINITIONS -e --eeprom_size 512 --clib -On #
#    List file    =  D:\soc2015\1305B\LucruExtra\GenG_TIM0_LED\Debug\List\mai #
#                    n.lst                                                    #
#    Object file  =  D:\soc2015\1305B\LucruExtra\GenG_TIM0_LED\Debug\Obj\main #
#                    .r90                                                     #
#                                                                             #
#                                                                             #
###############################################################################

D:\soc2015\1305B\LucruExtra\GenG_TIM0_LED\main.c
      1          #include "timer0.h"

   \                                 In  segment ABSOLUTE, at 0x59
   \   union <unnamed> volatile __io _A_TIMSK
   \                     _A_TIMSK:
   \   00000000                      DS8 1

   \                                 In  segment ABSOLUTE, at 0x38
   \   union <unnamed> volatile __io _A_PORTB
   \                     _A_PORTB:
   \   00000000                      DS8 1

   \                                 In  segment ABSOLUTE, at 0x37
   \   union <unnamed> volatile __io _A_DDRB
   \                     _A_DDRB:
   \   00000000                      DS8 1
      2          
      3          extern unsigned int softCount;
      4          

   \                                 In  segment CODE, align 2, keep-with-next
      5          void main( void )
   \                     main:
      6          {
      7            TIMSK |= (1 << TOIE0);
   \   00000000   B709               IN      R16, 0x39
   \   00000002   6001               ORI     R16, 0x01
   \   00000004   BF09               OUT     0x39, R16
      8            __enable_interrupt();
   \   00000006   9478               SEI
      9            
     10            TIMER0_init();
   \   00000008   ........           CALL    TIMER0_init
     11            DDRB |= (1 << PB0);
   \   0000000C   9AB8               SBI     0x17, 0x00
     12            PORTB |= (1 << PB0);
   \   0000000E   9AC0               SBI     0x18, 0x00
     13            
     14            while(1)
     15            {
     16              if(softCount == 0)
   \                     ??main_0:
   \   00000010   9100....           LDS     R16, softCount
   \   00000014   9110....           LDS     R17, (softCount + 1)
   \   00000018   2B01               OR      R16, R17
   \   0000001A   F7D1               BRNE    ??main_0
     17              {
     18                PORTB = PORTB ^ (1 << PB0);
   \   0000001C   E001               LDI     R16, 1
   \   0000001E   B318               IN      R17, 0x18
   \   00000020   2710               EOR     R17, R16
   \   00000022   BB18               OUT     0x18, R17
     19                softCount++;
   \   00000024   ....               LDI     R30, LOW(softCount)
   \   00000026   ....               LDI     R31, (softCount) >> 8
   \   00000028   8100               LD      R16, Z
   \   0000002A   8111               LDD     R17, Z+1
   \   0000002C   5F0F               SUBI    R16, 255
   \   0000002E   4F1F               SBCI    R17, 255
   \   00000030   8300               ST      Z, R16
   \   00000032   8311               STD     Z+1, R17
   \   00000034   CFED               RJMP    ??main_0
   \   00000036                      REQUIRE _A_TIMSK
   \   00000036                      REQUIRE _A_DDRB
   \   00000036                      REQUIRE _A_PORTB
     20              }
     21            }
     22          }

   Maximum stack usage in bytes:

   CSTACK RSTACK Function
   ------ ------ --------
       0      2  main
                   0 2 -> TIMER0_init


   Segment part sizes:

   Bytes  Function/Label
   -----  --------------
       1  _A_DDRB
       1  _A_PORTB
       1  _A_TIMSK
      54  main

 
  3 bytes in segment ABSOLUTE
 54 bytes in segment CODE
 
 54 bytes of CODE memory
  0 bytes of DATA memory (+ 3 bytes shared)

Errors: none
Warnings: none
